<?xml version="1.0" encoding="UTF-8"?>
<testsuite xmlns:xsi="http://www.w3.org/2001/XMLSchema-instance" xsi:noNamespaceSchemaLocation="https://maven.apache.org/surefire/maven-surefire-plugin/xsd/surefire-test-report-3.0.xsd" version="3.0" name="TestSuite" time="51.426" tests="1" errors="0" skipped="0" failures="1">
  <properties>
[...]
</properties>
  <testcase name="runScenario[&quot;Signup new user new&quot;, &quot;form&quot;](1)" classname="runner.Signup" time="48.338">
    <failure message="unknown error: net::ERR_CONNECTION_TIMED_OUT&#10;  (Session info: chrome=117.0.5938.89)&#10;Build info: version: &apos;3.141.59&apos;, revision: &apos;e82be7d358&apos;, time: &apos;2018-11-14T08:17:03&apos;&#10;System info: host: &apos;DESKTOP-NF&apos;, ip: &apos;192.168.1.7&apos;, os.name: &apos;Windows 10&apos;, os.arch: &apos;amd64&apos;, os.version: &apos;10.0&apos;, java.version: &apos;11.0.13&apos;&#10;Driver info: org.openqa.selenium.chrome.ChromeDriver&#10;Capabilities {acceptInsecureCerts: false, browserName: chrome, browserVersion: 117.0.5938.89, chrome: {chromedriverVersion: 117.0.5938.88 (be6afae47212..., userDataDir: C:\Users\NANANG~1\AppData\L...}, fedcm:accounts: true, goog:chromeOptions: {debuggerAddress: localhost:26399}, javascriptEnabled: true, networkConnectionEnabled: false, pageLoadStrategy: normal, platform: WINDOWS, platformName: WINDOWS, proxy: Proxy(), setWindowRect: true, strictFileInteractability: false, timeouts: {implicit: 0, pageLoad: 300000, script: 30000}, unhandledPromptBehavior: dismiss and notify, webauthn:extension:credBlob: true, webauthn:extension:largeBlob: true, webauthn:extension:minPinLength: true, webauthn:extension:prf: true, webauthn:virtualAuthenticators: true}&#10;Session ID: 34f4758b25cae7f2ab50fff9d50abeb7" type="org.openqa.selenium.WebDriverException"><![CDATA[org.openqa.selenium.WebDriverException: 
unknown error: net::ERR_CONNECTION_TIMED_OUT
  (Session info: chrome=117.0.5938.89)
Build info: version: '3.141.59', revision: 'e82be7d358', time: '2018-11-14T08:17:03'
System info: host: 'DESKTOP-NF', ip: '192.168.1.7', os.name: 'Windows 10', os.arch: 'amd64', os.version: '10.0', java.version: '11.0.13'
Driver info: org.openqa.selenium.chrome.ChromeDriver
Capabilities {acceptInsecureCerts: false, browserName: chrome, browserVersion: 117.0.5938.89, chrome: {chromedriverVersion: 117.0.5938.88 (be6afae47212..., userDataDir: C:\Users\NANANG~1\AppData\L...}, fedcm:accounts: true, goog:chromeOptions: {debuggerAddress: localhost:26399}, javascriptEnabled: true, networkConnectionEnabled: false, pageLoadStrategy: normal, platform: WINDOWS, platformName: WINDOWS, proxy: Proxy(), setWindowRect: true, strictFileInteractability: false, timeouts: {implicit: 0, pageLoad: 300000, script: 30000}, unhandledPromptBehavior: dismiss and notify, webauthn:extension:credBlob: true, webauthn:extension:largeBlob: true, webauthn:extension:minPinLength: true, webauthn:extension:prf: true, webauthn:virtualAuthenticators: true}
Session ID: 34f4758b25cae7f2ab50fff9d50abeb7
]]></failure>
    <system-out><![CDATA[
Scenario: Signup new user new            &amp#27;[90m# src/test/resources/Features/submitForm.feature:3&amp#27;[0m
  &amp#27;[31mGiven &amp#27;[0m&amp#27;[31muser open practice form&amp#27;[0m          &amp#27;[90m# definition.PracticeFormDefinition.user_open_practice_form()&amp#27;[0m
      &amp#27;[31morg.openqa.selenium.WebDriverException: unknown error: net::ERR_CONNECTION_TIMED_OUT
  (Session info: chrome=117.0.5938.89)
Build info: version: '3.141.59', revision: 'e82be7d358', time: '2018-11-14T08:17:03'
System info: host: 'DESKTOP-NF', ip: '192.168.1.7', os.name: 'Windows 10', os.arch: 'amd64', os.version: '10.0', java.version: '11.0.13'
Driver info: org.openqa.selenium.chrome.ChromeDriver
Capabilities {acceptInsecureCerts: false, browserName: chrome, browserVersion: 117.0.5938.89, chrome: {chromedriverVersion: 117.0.5938.88 (be6afae47212..., userDataDir: C:\Users\NANANG~1\AppData\L...}, fedcm:accounts: true, goog:chromeOptions: {debuggerAddress: localhost:26399}, javascriptEnabled: true, networkConnectionEnabled: false, pageLoadStrategy: normal, platform: WINDOWS, platformName: WINDOWS, proxy: Proxy(), setWindowRect: true, strictFileInteractability: false, timeouts: {implicit: 0, pageLoad: 300000, script: 30000}, unhandledPromptBehavior: dismiss and notify, webauthn:extension:credBlob: true, webauthn:extension:largeBlob: true, webauthn:extension:minPinLength: true, webauthn:extension:prf: true, webauthn:virtualAuthenticators: true}
Session ID: 34f4758b25cae7f2ab50fff9d50abeb7
	at java.base/jdk.internal.reflect.NativeConstructorAccessorImpl.newInstance0(Native Method)
	at java.base/jdk.internal.reflect.NativeConstructorAccessorImpl.newInstance(NativeConstructorAccessorImpl.java:62)
	at java.base/jdk.internal.reflect.DelegatingConstructorAccessorImpl.newInstance(DelegatingConstructorAccessorImpl.java:45)
	at java.base/java.lang.reflect.Constructor.newInstance(Constructor.java:490)
	at org.openqa.selenium.remote.http.W3CHttpResponseCodec.createException(W3CHttpResponseCodec.java:187)
	at org.openqa.selenium.remote.http.W3CHttpResponseCodec.decode(W3CHttpResponseCodec.java:122)
	at org.openqa.selenium.remote.http.W3CHttpResponseCodec.decode(W3CHttpResponseCodec.java:49)
	at org.openqa.selenium.remote.HttpCommandExecutor.execute(HttpCommandExecutor.java:158)
	at org.openqa.selenium.remote.service.DriverCommandExecutor.execute(DriverCommandExecutor.java:83)
	at org.openqa.selenium.remote.RemoteWebDriver.execute(RemoteWebDriver.java:552)
	at org.openqa.selenium.remote.RemoteWebDriver.get(RemoteWebDriver.java:277)
	at definition.PracticeFormDefinition.user_open_practice_form(PracticeFormDefinition.java:23)
	at âœ½.user open practice form(file:///C:/Users/nanangfaisal/intellJProjects/PracticeForm/practiceForm/src/test/resources/Features/submitForm.feature:4)
&amp#27;[0m
  &amp#27;[36mWhen &amp#27;[0m&amp#27;[36muser input firstName and LastName&amp#27;[0m &amp#27;[90m# definition.PracticeFormDefinition.user_input_first_name_and_last_name()&amp#27;[0m
  &amp#27;[36mAnd &amp#27;[0m&amp#27;[36minput email&amp#27;[0m                        &amp#27;[90m# definition.PracticeFormDefinition.input_email()&amp#27;[0m
  &amp#27;[36mAnd &amp#27;[0m&amp#27;[36muser choose gender&amp#27;[0m                 &amp#27;[90m# definition.PracticeFormDefinition.user_choose_gender()&amp#27;[0m
  &amp#27;[36mAnd &amp#27;[0m&amp#27;[36minput mobile number&amp#27;[0m                &amp#27;[90m# definition.PracticeFormDefinition.input_mobile_number()&amp#27;[0m
  &amp#27;[36mAnd &amp#27;[0m&amp#27;[36minput date of birth&amp#27;[0m                &amp#27;[90m# definition.PracticeFormDefinition.input_date_of_birth()&amp#27;[0m
  &amp#27;[36mAnd &amp#27;[0m&amp#27;[36muser click submit&amp#27;[0m                  &amp#27;[90m# definition.PracticeFormDefinition.user_click_submit()&amp#27;[0m
  &amp#27;[36mThen &amp#27;[0m&amp#27;[36muser validation pop up&amp#27;[0m            &amp#27;[90m# definition.PracticeFormDefinition.user_validation_pop_up()&amp#27;[0m
]]></system-out>
    <system-err><![CDATA[SLF4J: No SLF4J providers were found.
SLF4J: Defaulting to no-operation (NOP) logger implementation
SLF4J: See https://www.slf4j.org/codes.html#noProviders for further details.
Starting ChromeDriver 117.0.5938.88 (be6afae4721209be42944bbcd325665f9f44563b-refs/branch-heads/5938_62@{#9}) on port 36522
Only local connections are allowed.
Please see https://chromedriver.chromium.org/security-considerations for suggestions on keeping ChromeDriver safe.
ChromeDriver was started successfully.
Sep 21, 2023 2:37:19 PM org.openqa.selenium.remote.ProtocolHandshake createSession
INFO: Detected dialect: W3C
]]></system-err>
  </testcase>
</testsuite>